mode: set
github.com/MediSynth-io/medisynth/cmd/api/main.go:14.40,16.16 2 1
github.com/MediSynth-io/medisynth/cmd/api/main.go:16.16,18.3 1 1
github.com/MediSynth-io/medisynth/cmd/api/main.go:20.2,21.16 2 1
github.com/MediSynth-io/medisynth/cmd/api/main.go:21.16,23.3 1 0
github.com/MediSynth-io/medisynth/cmd/api/main.go:25.2,25.17 1 1
github.com/MediSynth-io/medisynth/cmd/api/main.go:28.13,30.16 2 0
github.com/MediSynth-io/medisynth/cmd/api/main.go:30.16,32.3 1 0
github.com/MediSynth-io/medisynth/cmd/api/main.go:34.2,34.13 1 0
github.com/MediSynth-io/medisynth/internal/config/config.go:15.47,25.41 6 1
github.com/MediSynth-io/medisynth/internal/config/config.go:25.41,27.56 1 1
github.com/MediSynth-io/medisynth/internal/config/config.go:27.56,29.4 1 1
github.com/MediSynth-io/medisynth/internal/config/config.go:30.3,30.103 1 0
github.com/MediSynth-io/medisynth/internal/config/config.go:33.2,34.42 2 1
github.com/MediSynth-io/medisynth/internal/config/config.go:34.42,36.3 1 1
github.com/MediSynth-io/medisynth/internal/config/config.go:39.2,39.22 1 1
github.com/MediSynth-io/medisynth/internal/config/config.go:39.22,42.3 2 0
github.com/MediSynth-io/medisynth/internal/config/config.go:44.2,45.18 2 1
github.com/MediSynth-io/medisynth/internal/config/init.go:7.30,15.45 6 1
github.com/MediSynth-io/medisynth/internal/config/init.go:15.45,20.3 1 1
github.com/MediSynth-io/medisynth/internal/config/init.go:22.2,25.16 3 1
github.com/MediSynth-io/medisynth/internal/config/init.go:25.16,27.3 1 0
github.com/MediSynth-io/medisynth/internal/config/init.go:30.2,30.20 1 1
github.com/MediSynth-io/medisynth/internal/config/init.go:30.20,32.3 1 0
github.com/MediSynth-io/medisynth/internal/config/init.go:34.2,34.16 1 1
github.com/MediSynth-io/medisynth/internal/api/api.go:21.49,22.25 1 1
github.com/MediSynth-io/medisynth/internal/api/api.go:22.25,24.3 1 1
github.com/MediSynth-io/medisynth/internal/api/api.go:26.2,30.18 2 1
github.com/MediSynth-io/medisynth/internal/api/api.go:33.25,43.58 6 1
github.com/MediSynth-io/medisynth/internal/api/api.go:43.58,46.3 2 1
github.com/MediSynth-io/medisynth/internal/api/api.go:48.2,48.58 1 1
github.com/MediSynth-io/medisynth/internal/api/api.go:48.58,50.3 1 1
github.com/MediSynth-io/medisynth/internal/api/api.go:53.2,58.87 5 1
github.com/MediSynth-io/medisynth/internal/api/api.go:58.87,60.3 1 0
github.com/MediSynth-io/medisynth/internal/api/api.go:63.67,67.2 3 1
github.com/MediSynth-io/medisynth/internal/api/api.go:69.78,76.61 3 1
github.com/MediSynth-io/medisynth/internal/api/api.go:76.61,80.3 3 1
github.com/MediSynth-io/medisynth/internal/api/api.go:81.2,82.23 2 1
github.com/MediSynth-io/medisynth/internal/api/api.go:82.23,84.3 1 1
github.com/MediSynth-io/medisynth/internal/api/api.go:85.2,85.23 1 1
github.com/MediSynth-io/medisynth/internal/api/api.go:85.23,89.3 3 0
github.com/MediSynth-io/medisynth/internal/api/api.go:91.2,100.84 5 1
github.com/MediSynth-io/medisynth/internal/api/api.go:103.77,107.13 4 1
github.com/MediSynth-io/medisynth/internal/api/api.go:107.13,111.3 3 1
github.com/MediSynth-io/medisynth/internal/api/api.go:112.2,113.35 2 1
github.com/MediSynth-io/medisynth/internal/api/api.go:113.35,115.3 1 0
github.com/MediSynth-io/medisynth/internal/api/api.go:116.2,116.33 1 1
github.com/MediSynth-io/medisynth/internal/api/handlers.go:27.83,33.2 5 0
github.com/MediSynth-io/medisynth/internal/api/handlers.go:37.38,38.48 1 0
github.com/MediSynth-io/medisynth/internal/api/handlers.go:38.48,40.3 1 0
github.com/MediSynth-io/medisynth/internal/api/handlers.go:41.2,48.67 4 0
github.com/MediSynth-io/medisynth/internal/api/handlers.go:48.67,51.3 2 0
github.com/MediSynth-io/medisynth/internal/api/handlers.go:54.2,57.27 2 0
github.com/MediSynth-io/medisynth/internal/api/handlers.go:57.27,58.74 1 0
github.com/MediSynth-io/medisynth/internal/api/handlers.go:58.75,69.4 0 0
github.com/MediSynth-io/medisynth/internal/api/handlers.go:72.2,72.12 1 0
github.com/MediSynth-io/medisynth/internal/api/handlers.go:75.22,79.2 3 0
github.com/MediSynth-io/medisynth/internal/api/handlers.go:81.25,84.2 2 0
github.com/MediSynth-io/medisynth/internal/api/handlers.go:87.87,89.2 1 0
github.com/MediSynth-io/medisynth/internal/api/handlers.go:94.28,98.2 3 1
github.com/MediSynth-io/medisynth/internal/api/handlers.go:103.52,112.43 6 0
github.com/MediSynth-io/medisynth/internal/api/handlers.go:112.43,121.37 7 0
github.com/MediSynth-io/medisynth/internal/api/handlers.go:121.37,123.4 1 0
github.com/MediSynth-io/medisynth/internal/api/handlers.go:125.3,126.68 2 0
github.com/MediSynth-io/medisynth/internal/api/handlers.go:126.68,128.4 1 0
github.com/MediSynth-io/medisynth/internal/api/handlers.go:129.3,130.25 2 0
github.com/MediSynth-io/medisynth/internal/api/handlers.go:130.25,132.4 1 0
github.com/MediSynth-io/medisynth/internal/api/handlers.go:135.3,139.17 5 0
github.com/MediSynth-io/medisynth/internal/api/handlers.go:139.17,141.4 1 0
github.com/MediSynth-io/medisynth/internal/api/handlers.go:144.2,144.53 1 0
github.com/MediSynth-io/medisynth/internal/api/handlers.go:144.53,153.39 7 0
github.com/MediSynth-io/medisynth/internal/api/handlers.go:153.39,155.4 1 0
github.com/MediSynth-io/medisynth/internal/api/handlers.go:158.2,158.55 1 0
github.com/MediSynth-io/medisynth/internal/api/handlers.go:158.55,167.39 7 0
github.com/MediSynth-io/medisynth/internal/api/handlers.go:167.39,169.4 1 0
github.com/MediSynth-io/medisynth/internal/api/handlers.go:173.42,185.15 7 0
github.com/MediSynth-io/medisynth/internal/api/handlers.go:185.15,185.45 1 0
github.com/MediSynth-io/medisynth/internal/api/handlers.go:192.2,192.55 1 0
github.com/MediSynth-io/medisynth/internal/api/handlers.go:192.55,210.63 9 0
github.com/MediSynth-io/medisynth/internal/api/handlers.go:210.63,212.4 1 0
github.com/MediSynth-io/medisynth/internal/api/handlers.go:215.3,219.14 4 0
github.com/MediSynth-io/medisynth/internal/api/handlers.go:219.14,221.4 1 0
github.com/MediSynth-io/medisynth/internal/api/handlers.go:222.3,222.43 1 0
github.com/MediSynth-io/medisynth/internal/api/handlers.go:222.43,224.4 1 0
github.com/MediSynth-io/medisynth/internal/api/handlers.go:225.3,225.29 1 0
github.com/MediSynth-io/medisynth/internal/api/handlers.go:225.29,227.4 1 0
github.com/MediSynth-io/medisynth/internal/api/handlers.go:230.2,230.47 1 0
github.com/MediSynth-io/medisynth/internal/api/handlers.go:230.47,248.60 9 0
github.com/MediSynth-io/medisynth/internal/api/handlers.go:248.60,250.4 1 0
github.com/MediSynth-io/medisynth/internal/api/handlers.go:253.3,257.14 4 0
github.com/MediSynth-io/medisynth/internal/api/handlers.go:257.14,259.4 1 0
github.com/MediSynth-io/medisynth/internal/api/handlers.go:260.3,260.40 1 0
github.com/MediSynth-io/medisynth/internal/api/handlers.go:260.40,262.4 1 0
github.com/MediSynth-io/medisynth/internal/api/handlers.go:263.3,263.29 1 0
github.com/MediSynth-io/medisynth/internal/api/handlers.go:263.29,265.4 1 0
github.com/MediSynth-io/medisynth/internal/api/handlers.go:269.41,278.30 6 0
github.com/MediSynth-io/medisynth/internal/api/handlers.go:278.30,280.3 1 0
github.com/MediSynth-io/medisynth/internal/api/handlers.go:282.2,283.67 2 0
github.com/MediSynth-io/medisynth/internal/api/handlers.go:283.67,285.3 1 0
github.com/MediSynth-io/medisynth/internal/api/handlers.go:287.2,287.32 1 0
github.com/MediSynth-io/medisynth/internal/api/handlers.go:287.32,289.3 1 0
github.com/MediSynth-io/medisynth/internal/api/handlers.go:292.29,303.2 4 0
github.com/MediSynth-io/medisynth/internal/api/handlers.go:305.55,319.16 7 1
github.com/MediSynth-io/medisynth/internal/api/handlers.go:319.16,322.3 2 1
github.com/MediSynth-io/medisynth/internal/api/handlers.go:322.8,324.3 1 1
github.com/MediSynth-io/medisynth/internal/api/handlers.go:325.2,325.31 1 1
github.com/MediSynth-io/medisynth/internal/api/handlers.go:328.24,330.39 2 1
github.com/MediSynth-io/medisynth/internal/api/handlers.go:330.39,332.3 1 1
github.com/MediSynth-io/medisynth/internal/api/handlers.go:333.2,333.79 1 1
github.com/MediSynth-io/medisynth/internal/api/handlers.go:336.29,338.2 1 1
github.com/MediSynth-io/medisynth/internal/api/handlers.go:340.23,342.2 1 1
github.com/MediSynth-io/medisynth/internal/api/handlers.go:344.90,346.34 2 1
github.com/MediSynth-io/medisynth/internal/api/handlers.go:346.34,351.14 4 1
github.com/MediSynth-io/medisynth/internal/api/handlers.go:351.14,353.4 1 1
github.com/MediSynth-io/medisynth/internal/api/handlers.go:355.3,355.34 1 1
github.com/MediSynth-io/medisynth/internal/api/handlers.go:355.34,357.4 1 1
github.com/MediSynth-io/medisynth/internal/api/handlers.go:359.3,359.37 1 1
github.com/MediSynth-io/medisynth/internal/api/handlers.go:361.2,361.14 1 0
github.com/MediSynth-io/medisynth/internal/api/job_store.go:55.47,59.2 3 1
github.com/MediSynth-io/medisynth/internal/api/job_store.go:62.61,67.2 4 1
github.com/MediSynth-io/medisynth/internal/api/job_store.go:70.50,73.41 3 1
github.com/MediSynth-io/medisynth/internal/api/job_store.go:73.41,75.3 1 1
github.com/MediSynth-io/medisynth/internal/api/job_store.go:79.41,83.2 3 1
github.com/MediSynth-io/medisynth/internal/api/job_store.go:86.59,90.30 4 1
github.com/MediSynth-io/medisynth/internal/api/job_store.go:90.30,92.3 1 1
github.com/MediSynth-io/medisynth/internal/api/job_store.go:93.2,93.13 1 1
